<?xml version="1.0" encoding="UTF-8"?>
<!-- Generated by org.testng.reporters.JUnitXMLReporter -->
<testsuite ignored="0" hostname="LTIN549055" failures="0" tests="5" name="Default test" time="269.451" errors="0" timestamp="2024-05-30T14:58:08 IST">
  <testcase classname="test.testcase" name="LoginTest" time="38.24"/>
  <testcase classname="test.testcase" name="LoginTest" time="3.231"/>
  <testcase classname="test.testcase" name="LoginTest" time="3.233"/>
  <testcase classname="test.testcase" name="LoginTest" time="3.242"/>
  <testcase classname="test.testcase" name="LoginTest" time="5.474"/>
</testsuite> <!-- Default test -->
